[2014-07-16 22:31:19] START
[2014-07-16 22:32:19] EDIT lelui/controllers/default.py: 0
[2014-07-16 22:36:16] EDIT lelui/views/default/index.html: -13
[2014-07-16 22:36:40] EDIT lelui/views/default/index.html: 0
[2014-07-16 22:40:17] EDIT lelui/models/menu.py: -109
[2014-07-16 22:41:04] EDIT lelui/models/menu.py: 0
[2014-07-16 22:41:24] CREATE default/contribute.html: 0
[2014-07-16 22:41:31] CREATE default/tutorial.html: 0
[2014-07-16 22:42:41] EDIT lelui/controllers/default.py: 4
[2014-07-16 22:43:14] EDIT lelui/controllers/default.py: 1
[2014-07-16 22:43:59] EDIT lelui/controllers/default.py: -1
[2014-07-16 23:36:21] EDIT lelui/models/db.py: 2
[2014-07-16 23:36:37] EDIT lelui/models/db.py: 0
[2014-07-16 23:37:25] EDIT lelui/models/db.py: 0
[2014-07-16 23:50:46] EDIT lelui/views/default/contribute.html: 0
[2014-07-17 00:17:32] EDIT lelui/models/db.py: 0
[2014-07-17 00:17:45] EDIT lelui/models/db.py: 0
[2014-07-17 00:18:40] EDIT lelui/models/db.py: 0
[2014-07-17 01:23:58] EDIT lelui/models/db.py: 0
[2014-07-17 01:32:25] EDIT lelui/controllers/default.py: 9
[2014-07-17 01:32:34] EDIT lelui/controllers/default.py: 0
[2014-07-17 01:32:36] EDIT lelui/controllers/default.py: 0
[2014-07-17 01:32:47] EDIT lelui/controllers/default.py: 0
[2014-07-17 01:33:22] EDIT lelui/controllers/default.py: 0
[2014-07-17 01:33:37] EDIT lelui/controllers/default.py: 0
[2014-07-17 01:34:52] EDIT lelui/models/db.py: 0
[2014-07-17 01:35:17] EDIT lelui/models/db.py: 0
[2014-07-17 01:36:18] EDIT lelui/models/db.py: 0
[2014-07-17 01:38:48] EDIT lelui/models/db.py: 0
[2014-07-17 01:39:36] EDIT lelui/controllers/default.py: 0
[2014-07-17 01:39:50] EDIT lelui/controllers/default.py: 1
[2014-07-18 14:39:58] EDIT lelui/controllers/default.py: 0
